# JRE version: OpenJDK Runtime Environment (21.0.7) (build 21.0.7+-13880790-b1038.58)
# Java VM: OpenJDK 64-Bit Server VM (21.0.7+-13880790-b1038.58, mixed mode, tiered, compressed oops, compressed class ptrs, g1 gc, windows-amd64)
GC Precious Log:
 CardTable entry size: 512
 Card Set container configuration: InlinePtr #cards 5 size 8 Array Of Cards #cards 12 size 40 Howl #buckets 4 coarsen threshold 1843 Howl Bitmap #cards 512 size 80 coarsen threshold 460 Card regions per heap region 1 cards per card region 2048
 CPUs: 4 total, 4 available
 Memory: 14278M
 Large Page Support: Disabled
 NUMA Support: Disabled
 Compressed Oops: Enabled (32-bit)
 Heap Region Size: 1M
 Heap Min Capacity: 8M
 Heap Initial Capacity: 224M
 Heap Max Capacity: 2G
 Pre-touch: Disabled
 Parallel Workers: 4
 Concurrent Workers: 1
 Concurrent Refinement Workers: 4
 Periodic GC: Disabled
Heap:
 garbage-first heap   total 285696K, used 173978K [0x0000000080000000, 0x0000000100000000)
  region size 1024K, 14 young (14336K), 7 survivors (7168K)
 Metaspace       used 138865K, committed 141248K, reserved 1179648K
  class space    used 18408K, committed 19584K, reserved 1048576K
GC Heap History (20 events):
Event: 54.889 GC heap before
{Heap before GC invocations=54 (full 0):
 garbage-first heap   total 230400K, used 192466K [0x0000000080000000, 0x0000000100000000)
  region size 1024K, 62 young (63488K), 7 survivors (7168K)
 Metaspace       used 123936K, committed 126208K, reserved 1179648K
  class space    used 16924K, committed 18048K, reserved 1048576K
}
Event: 54.908 GC heap after
{Heap after GC invocations=55 (full 0):
 garbage-first heap   total 230400K, used 140478K [0x0000000080000000, 0x0000000100000000)
  region size 1024K, 6 young (6144K), 6 survivors (6144K)
 Metaspace       used 123936K, committed 126208K, reserved 1179648K
  class space    used 16924K, committed 18048K, reserved 1048576K
}
Event: 56.367 GC heap before
{Heap before GC invocations=55 (full 0):
 garbage-first heap   total 230400K, used 209086K [0x0000000080000000, 0x0000000100000000)
  region size 1024K, 74 young (75776K), 6 survivors (6144K)
 Metaspace       used 124312K, committed 126592K, reserved 1179648K
  class space    used 16968K, committed 18112K, reserved 1048576K
}
Event: 56.392 GC heap after
{Heap after GC invocations=56 (full 0):
 garbage-first heap   total 276480K, used 141231K [0x0000000080000000, 0x0000000100000000)
  region size 1024K, 7 young (7168K), 7 survivors (7168K)
 Metaspace       used 124312K, committed 126592K, reserved 1179648K
  class space    used 16968K, committed 18112K, reserved 1048576K
}
Event: 74.885 GC heap before
{Heap before GC invocations=56 (full 0):
 garbage-first heap   total 276480K, used 247727K [0x0000000080000000, 0x0000000100000000)
  region size 1024K, 112 young (114688K), 7 survivors (7168K)
 Metaspace       used 130156K, committed 132608K, reserved 1179648K
  class space    used 17736K, committed 18944K, reserved 1048576K
}
Event: 74.943 GC heap after
{Heap after GC invocations=57 (full 0):
 garbage-first heap   total 276480K, used 147279K [0x0000000080000000, 0x0000000100000000)
  region size 1024K, 13 young (13312K), 13 survivors (13312K)
 Metaspace       used 130156K, committed 132608K, reserved 1179648K
  class space    used 17736K, committed 18944K, reserved 1048576K
}
Event: 127.514 GC heap before
{Heap before GC invocations=57 (full 0):
 garbage-first heap   total 276480K, used 247631K [0x0000000080000000, 0x0000000100000000)
  region size 1024K, 112 young (114688K), 13 survivors (13312K)
 Metaspace       used 136916K, committed 139328K, reserved 1179648K
  class space    used 18382K, committed 19584K, reserved 1048576K
}
Event: 127.543 GC heap after
{Heap after GC invocations=58 (full 0):
 garbage-first heap   total 276480K, used 151342K [0x0000000080000000, 0x0000000100000000)
  region size 1024K, 7 young (7168K), 7 survivors (7168K)
 Metaspace       used 136916K, committed 139328K, reserved 1179648K
  class space    used 18382K, committed 19584K, reserved 1048576K
}
Event: 133.937 GC heap before
{Heap before GC invocations=58 (full 0):
 garbage-first heap   total 276480K, used 249646K [0x0000000080000000, 0x0000000100000000)
  region size 1024K, 104 young (106496K), 7 survivors (7168K)
 Metaspace       used 137575K, committed 140032K, reserved 1179648K
  class space    used 18384K, committed 19584K, reserved 1048576K
}
Event: 133.974 GC heap after
{Heap after GC invocations=59 (full 0):
 garbage-first heap   total 276480K, used 160471K [0x0000000080000000, 0x0000000100000000)
  region size 1024K, 13 young (13312K), 13 survivors (13312K)
 Metaspace       used 137575K, committed 140032K, reserved 1179648K
  class space    used 18384K, committed 19584K, reserved 1048576K
}
Event: 200.144 GC heap before
{Heap before GC invocations=60 (full 0):
 garbage-first heap   total 276480K, used 247511K [0x0000000080000000, 0x0000000100000000)
  region size 1024K, 99 young (101376K), 13 survivors (13312K)
 Metaspace       used 137879K, committed 140288K, reserved 1179648K
  class space    used 18393K, committed 19584K, reserved 1048576K
}
Event: 200.198 GC heap after
{Heap after GC invocations=61 (full 0):
 garbage-first heap   total 276480K, used 166319K [0x0000000080000000, 0x0000000100000000)
  region size 1024K, 8 young (8192K), 8 survivors (8192K)
 Metaspace       used 137879K, committed 140288K, reserved 1179648K
  class space    used 18393K, committed 19584K, reserved 1048576K
}
Event: 206.578 GC heap before
{Heap before GC invocations=61 (full 0):
 garbage-first heap   total 276480K, used 251311K [0x0000000080000000, 0x0000000100000000)
  region size 1024K, 92 young (94208K), 8 survivors (8192K)
 Metaspace       used 138185K, committed 140608K, reserved 1179648K
  class space    used 18395K, committed 19584K, reserved 1048576K
}
Event: 206.618 GC heap after
{Heap after GC invocations=62 (full 0):
 garbage-first heap   total 276480K, used 174387K [0x0000000080000000, 0x0000000100000000)
  region size 1024K, 12 young (12288K), 12 survivors (12288K)
 Metaspace       used 138185K, committed 140608K, reserved 1179648K
  class space    used 18395K, committed 19584K, reserved 1048576K
}
Event: 294.787 GC heap before
{Heap before GC invocations=62 (full 0):
 garbage-first heap   total 276480K, used 248115K [0x0000000080000000, 0x0000000100000000)
  region size 1024K, 85 young (87040K), 12 survivors (12288K)
 Metaspace       used 138379K, committed 140736K, reserved 1179648K
  class space    used 18395K, committed 19584K, reserved 1048576K
}
Event: 294.813 GC heap after
{Heap after GC invocations=63 (full 0):
 garbage-first heap   total 276480K, used 176479K [0x0000000080000000, 0x0000000100000000)
  region size 1024K, 6 young (6144K), 6 survivors (6144K)
 Metaspace       used 138379K, committed 140736K, reserved 1179648K
  class space    used 18395K, committed 19584K, reserved 1048576K
}
Event: 298.129 GC heap before
{Heap before GC invocations=64 (full 0):
 garbage-first heap   total 285696K, used 248159K [0x0000000080000000, 0x0000000100000000)
  region size 1024K, 82 young (83968K), 6 survivors (6144K)
 Metaspace       used 138707K, committed 141120K, reserved 1179648K
  class space    used 18405K, committed 19584K, reserved 1048576K
}
Event: 298.162 GC heap after
{Heap after GC invocations=65 (full 0):
 garbage-first heap   total 285696K, used 178840K [0x0000000080000000, 0x0000000100000000)
  region size 1024K, 11 young (11264K), 11 survivors (11264K)
 Metaspace       used 138707K, committed 141120K, reserved 1179648K
  class space    used 18405K, committed 19584K, reserved 1048576K
}
Event: 354.366 GC heap before
{Heap before GC invocations=65 (full 0):
 garbage-first heap   total 285696K, used 257688K [0x0000000080000000, 0x0000000100000000)
  region size 1024K, 89 young (91136K), 11 survivors (11264K)
 Metaspace       used 138818K, committed 141184K, reserved 1179648K
  class space    used 18407K, committed 19584K, reserved 1048576K
}
Event: 354.445 GC heap after
{Heap after GC invocations=66 (full 0):
 garbage-first heap   total 285696K, used 167834K [0x0000000080000000, 0x0000000100000000)
  region size 1024K, 7 young (7168K), 7 survivors (7168K)
 Metaspace       used 138818K, committed 141184K, reserved 1179648K
  class space    used 18407K, committed 19584K, reserved 1048576K
}

